Build started 10/12/2020 4:26:20 PM.
     1>Project "C:\Users\steve\Desktop\Shodor\project\MorphLib\Pyramids\Pyramids.vcxproj" on node 2 (Build target(s)).
     1>ClCompile:
         C:\Program Files (x86)\Microsoft Visual Studio 12.0\VC\bin\CL.exe /c /Zi /nologo /W3 /WX- /O2 /Oi /Oy- /D _MBCS /Gm- /EHsc /MD /GS /Gy /fp:precise /Zc:wchar_t /Zc:forScope /Fo"Release\\" /Fd"Release\vc120.pdb" /Gd /TP /analyze- /errorReport:prompt chronos.cpp discrete.cpp dlti.cpp image.cpp scale.cpp util.cpp
         chronos.cpp
         discrete.cpp
         dlti.cpp
         image.cpp
         scale.cpp
         util.cpp
         Generating Code...
         C:\Program Files (x86)\Microsoft Visual Studio 12.0\VC\bin\CL.exe /c /Zi /nologo /W3 /WX- /O2 /Oi /Oy- /D _MBCS /Gm- /EHsc /MD /GS /Gy /fp:precise /Zc:wchar_t /Zc:forScope /Fo"Release\\" /Fd"Release\vc120.pdb" /Gd /TC /analyze- /errorReport:prompt error.c
         error.c
       Lib:
         C:\Program Files (x86)\Microsoft Visual Studio 12.0\VC\bin\Lib.exe /OUT:"C:\Users\steve\Desktop\Shodor\project\MorphLib\Release\Pyramids.lib" /NOLOGO /LTCG Release\chronos.obj
         Release\discrete.obj
         Release\dlti.obj
         Release\error.obj
         Release\image.obj
         Release\scale.obj
         Release\util.obj
         Pyramids.vcxproj -> C:\Users\steve\Desktop\Shodor\project\MorphLib\Release\Pyramids.lib
     1>Done Building Project "C:\Users\steve\Desktop\Shodor\project\MorphLib\Pyramids\Pyramids.vcxproj" (Build target(s)).

Build succeeded.

Time Elapsed 00:00:01.84
