Build started 10/17/2020 3:46:58 PM.
     1>Project "C:\Users\steve\Desktop\Shodor\project\Modules\Morphing\MorphLib_SuccessfulBuild\Pyramids\Pyramids.vcxproj" on node 2 (Rebuild target(s)).
     1>ClCompile:
         C:\Program Files (x86)\Microsoft Visual Studio 12.0\VC\bin\CL.exe /c /ZI /nologo /W3 /WX- /Od /Oy- /D _MBCS /Gm /EHsc /RTC1 /MDd /GS /fp:precise /Zc:wchar_t /Zc:forScope /Fo"Debug\\" /Fd"Debug\vc120.pdb" /Gd /TP /analyze- /errorReport:prompt chronos.cpp discrete.cpp dlti.cpp image.cpp scale.cpp util.cpp
         util.cpp
         scale.cpp
         image.cpp
         dlti.cpp
         discrete.cpp
         chronos.cpp
         Generating Code...
         C:\Program Files (x86)\Microsoft Visual Studio 12.0\VC\bin\CL.exe /c /ZI /nologo /W3 /WX- /Od /Oy- /D _MBCS /Gm /EHsc /RTC1 /MDd /GS /fp:precise /Zc:wchar_t /Zc:forScope /Fo"Debug\\" /Fd"Debug\vc120.pdb" /Gd /TC /analyze- /errorReport:prompt error.c
         error.c
       Lib:
         C:\Program Files (x86)\Microsoft Visual Studio 12.0\VC\bin\Lib.exe /OUT:"C:\Users\steve\Desktop\Shodor\project\Modules\Morphing\MorphLib_SuccessfulBuild\Debug\Pyramids.lib" /NOLOGO Debug\chronos.obj
         Debug\discrete.obj
         Debug\dlti.obj
         Debug\error.obj
         Debug\image.obj
         Debug\scale.obj
         Debug\util.obj
         Pyramids.vcxproj -> C:\Users\steve\Desktop\Shodor\project\Modules\Morphing\MorphLib_SuccessfulBuild\Debug\Pyramids.lib
     1>Done Building Project "C:\Users\steve\Desktop\Shodor\project\Modules\Morphing\MorphLib_SuccessfulBuild\Pyramids\Pyramids.vcxproj" (Rebuild target(s)).

Build succeeded.

Time Elapsed 00:00:02.23
